{"C:\\Users\\jorge\\Documents\\Work\\ReactTest\\src\\App.jsx": {"path":"C:\\Users\\jorge\\Documents\\Work\\ReactTest\\src\\App.jsx","statementMap":{"0":{"start":{"line":2,"column":12},"end":{"line":9,"column":1}},"1":{"start":{"line":3,"column":2},"end":{"line":3,"column":20}},"2":{"start":{"line":4,"column":2},"end":{"line":8,"column":4}}},"fnMap":{"0":{"name":"(anonymous_0)","decl":{"start":{"line":2,"column":12},"end":{"line":2,"column":13}},"loc":{"start":{"line":2,"column":18},"end":{"line":9,"column":1}},"line":2}},"branchMap":{},"s":{"0":1,"1":1,"2":1},"f":{"0":1},"b":{},"_coverageSchema":"1a1c01bbd47fc00a2c39e90264f33305004495a9","hash":"2f3f9a8f28a128b8875a0d6a106dc7620a1719b3"}
}
